{
  "success": true,
  "email": "yusif.ibrahimli.07@mail.ru",
  "subject": "Email Verification For Techno",
  "text": "Please verify your new email address by clicking the link: http://localhost:4000/api/verify/email/eyJhbGciOiJIUzI1NiIsInR5cCI6IkpXVCJ9.eyJ1c2VySUQiOjEsImNyZWF0aW9uVGltZSI6MTczMDU0Mzc1NTM0NiwiaWF0IjoxNzMwNTQzNzU1LCJleHAiOjE3MzA1NDU1NTV9.wqqd7bdp8DZ4t4eCaRJOy68NtrKDzk4etorTmmx_SxQ",
  "html": "<p>Please verify your new email address by clicking the link below:</p><a href=\"http://localhost:4000/api/verify/email/eyJhbGciOiJIUzI1NiIsInR5cCI6IkpXVCJ9.eyJ1c2VySUQiOjEsImNyZWF0aW9uVGltZSI6MTczMDU0Mzc1NTM0NiwiaWF0IjoxNzMwNTQzNzU1LCJleHAiOjE3MzA1NDU1NTV9.wqqd7bdp8DZ4t4eCaRJOy68NtrKDzk4etorTmmx_SxQ\">Verify Email</a>"
}
{
  "success": true,
  "email": "yusif.ibrahimli.07@mail.ru",
  "subject": "Email Verification For Techno",
  "text": "Please verify your new email address by clicking the link: http://localhost:4000/api/verify/email/eyJhbGciOiJIUzI1NiIsInR5cCI6IkpXVCJ9.eyJ1c2VySUQiOjEsImNyZWF0aW9uVGltZSI6MTczMDU0MzgxNzY4MiwiaWF0IjoxNzMwNTQzODE3LCJleHAiOjE3MzA1NDU2MTd9.3jE9P__urerPqTGEr2o0ZgZ8avMmtAzRnrFSkyRpQu8",
  "html": "<p>Please verify your new email address by clicking the link below:</p><a href=\"http://localhost:4000/api/verify/email/eyJhbGciOiJIUzI1NiIsInR5cCI6IkpXVCJ9.eyJ1c2VySUQiOjEsImNyZWF0aW9uVGltZSI6MTczMDU0MzgxNzY4MiwiaWF0IjoxNzMwNTQzODE3LCJleHAiOjE3MzA1NDU2MTd9.3jE9P__urerPqTGEr2o0ZgZ8avMmtAzRnrFSkyRpQu8\">Verify Email</a>"
}
{
  "success": true,
  "email": "yusif.ibrahimli.07@mail.ru",
  "subject": "Email Verification For Techno",
  "text": "Please verify your new email address by clicking the link: http://localhost:4000/api/verify/email/eyJhbGciOiJIUzI1NiIsInR5cCI6IkpXVCJ9.eyJ1c2VySUQiOjEsImNyZWF0aW9uVGltZSI6MTczMDU0MzgxNTc5MiwiaWF0IjoxNzMwNTQzODE1LCJleHAiOjE3MzA1NDU2MTV9.HhS68NhUMmdH9nzBs2GYJNH0TitQy3vOvD3QJLoHY4E",
  "html": "<p>Please verify your new email address by clicking the link below:</p><a href=\"http://localhost:4000/api/verify/email/eyJhbGciOiJIUzI1NiIsInR5cCI6IkpXVCJ9.eyJ1c2VySUQiOjEsImNyZWF0aW9uVGltZSI6MTczMDU0MzgxNTc5MiwiaWF0IjoxNzMwNTQzODE1LCJleHAiOjE3MzA1NDU2MTV9.HhS68NhUMmdH9nzBs2GYJNH0TitQy3vOvD3QJLoHY4E\">Verify Email</a>"
}
{
  "success": false,
  "email": "yusif071004@gmail.com",
  "subject": "Email Verification For Techno",
  "text": "Please verify your new email address by clicking the link: http://localhost:4000/verify/email/eyJhbGciOiJIUzI1NiIsInR5cCI6IkpXVCJ9.eyJ1c2VySUQiOjEsImNyZWF0aW9uVGltZSI6MTczMDU1NTQwNTUzOCwiaWF0IjoxNzMwNTU1NDA1LCJleHAiOjE3MzA1NTcyMDV9.hOwtY5xigUAl6tUqyskMD66ihsO8tEnzDnNyC_mw5UI",
  "html": "<p>Please verify your new email address by clicking the link below:</p><a href=\"http://localhost:4000/verify/email/eyJhbGciOiJIUzI1NiIsInR5cCI6IkpXVCJ9.eyJ1c2VySUQiOjEsImNyZWF0aW9uVGltZSI6MTczMDU1NTQwNTUzOCwiaWF0IjoxNzMwNTU1NDA1LCJleHAiOjE3MzA1NTcyMDV9.hOwtY5xigUAl6tUqyskMD66ihsO8tEnzDnNyC_mw5UI\">Verify Email</a>",
  "error": {
    "code": "EDNS",
    "syscall": "queryA",
    "hostname": "smtp.gmail.com",
    "command": "CONN"
  }
}
