{
  "level": "INFO",
  "message": "Token generated successfully",
  "data": null,
  "error": null,
  "date": "2024-11-02 14:35:42"
}
{
  "level": "INFO",
  "message": "Token generated successfully",
  "data": null,
  "error": null,
  "date": "2024-11-02 14:35:42"
}
{
  "level": "INFO",
  "message": "Token generated successfully",
  "data": null,
  "error": null,
  "date": "2024-11-02 14:35:55"
}
{
  "level": "INFO",
  "message": "Token generated successfully",
  "data": null,
  "error": null,
  "date": "2024-11-02 14:36:55"
}
{
  "level": "INFO",
  "message": "Token generated successfully",
  "data": null,
  "error": null,
  "date": "2024-11-02 14:36:57"
}
{
  "level": "INFO",
  "message": "Token generated successfully",
  "data": null,
  "error": null,
  "date": "2024-11-02 14:46:38"
}
{
  "level": "INFO",
  "message": "Token generated successfully",
  "data": null,
  "error": null,
  "date": "2024-11-02 14:46:38"
}
{
  "level": "INFO",
  "message": "Token generated successfully",
  "data": null,
  "error": null,
  "date": "2024-11-02 14:47:05"
}
{
  "level": "INFO",
  "message": "Token generated successfully",
  "data": null,
  "error": null,
  "date": "2024-11-02 14:47:05"
}
{
  "level": "INFO",
  "message": "Token verified successfully",
  "data": null,
  "error": null,
  "date": "2024-11-02 14:54:41"
}
{
  "level": "INFO",
  "message": "Token verified successfully",
  "data": null,
  "error": null,
  "date": "2024-11-02 14:54:41"
}
{
  "level": "INFO",
  "message": "Token verified successfully",
  "data": null,
  "error": null,
  "date": "2024-11-02 14:54:41"
}
{
  "level": "INFO",
  "message": "Token verified successfully",
  "data": null,
  "error": null,
  "date": "2024-11-02 14:54:41"
}
{
  "level": "INFO",
  "message": "Token verified successfully",
  "data": null,
  "error": null,
  "date": "2024-11-02 14:55:35"
}
{
  "level": "INFO",
  "message": "Token verified successfully",
  "data": null,
  "error": null,
  "date": "2024-11-02 14:55:35"
}
{
  "level": "INFO",
  "message": "Token verified successfully",
  "data": null,
  "error": null,
  "date": "2024-11-02 14:55:36"
}
{
  "level": "INFO",
  "message": "Token verified successfully",
  "data": null,
  "error": null,
  "date": "2024-11-02 14:55:36"
}
{
  "level": "INFO",
  "message": "Token verified successfully",
  "data": null,
  "error": null,
  "date": "2024-11-02 14:56:56"
}
{
  "level": "INFO",
  "message": "Token verified successfully",
  "data": null,
  "error": null,
  "date": "2024-11-02 14:56:56"
}
{
  "level": "INFO",
  "message": "Token verified successfully",
  "data": null,
  "error": null,
  "date": "2024-11-02 14:56:56"
}
{
  "level": "INFO",
  "message": "Token verified successfully",
  "data": null,
  "error": null,
  "date": "2024-11-02 14:56:56"
}
{
  "level": "INFO",
  "message": "Token verified successfully",
  "data": null,
  "error": null,
  "date": "2024-11-02 14:58:20"
}
{
  "level": "INFO",
  "message": "Token verified successfully",
  "data": null,
  "error": null,
  "date": "2024-11-02 14:58:20"
}
{
  "level": "INFO",
  "message": "Token verified successfully",
  "data": null,
  "error": null,
  "date": "2024-11-02 14:59:06"
}
{
  "level": "INFO",
  "message": "Token verified successfully",
  "data": null,
  "error": null,
  "date": "2024-11-02 14:59:06"
}
{
  "level": "INFO",
  "message": "Token verified successfully",
  "data": null,
  "error": null,
  "date": "2024-11-02 14:59:06"
}
{
  "level": "INFO",
  "message": "Token verified successfully",
  "data": null,
  "error": null,
  "date": "2024-11-02 14:59:06"
}
{
  "level": "INFO",
  "message": "Token verified successfully",
  "data": null,
  "error": null,
  "date": "2024-11-02 15:03:12"
}
{
  "level": "INFO",
  "message": "Token verified successfully",
  "data": null,
  "error": null,
  "date": "2024-11-02 15:03:12"
}
{
  "level": "INFO",
  "message": "Token verified successfully",
  "data": null,
  "error": null,
  "date": "2024-11-02 15:04:23"
}
{
  "level": "INFO",
  "message": "Token verified successfully",
  "data": null,
  "error": null,
  "date": "2024-11-02 15:04:23"
}
{
  "level": "INFO",
  "message": "Token generated successfully",
  "data": null,
  "error": null,
  "date": "2024-11-02 15:04:23"
}
{
  "level": "INFO",
  "message": "Token generated successfully",
  "data": null,
  "error": null,
  "date": "2024-11-02 15:04:23"
}
{
  "level": "INFO",
  "message": "Token verified successfully",
  "data": null,
  "error": null,
  "date": "2024-11-02 15:04:23"
}
{
  "level": "INFO",
  "message": "Token verified successfully",
  "data": null,
  "error": null,
  "date": "2024-11-02 15:04:23"
}
{
  "level": "INFO",
  "message": "Token verified successfully",
  "data": null,
  "error": null,
  "date": "2024-11-02 15:04:32"
}
{
  "level": "INFO",
  "message": "Token verified successfully",
  "data": null,
  "error": null,
  "date": "2024-11-02 15:04:32"
}
{
  "level": "INFO",
  "message": "Token verified successfully",
  "data": null,
  "error": null,
  "date": "2024-11-02 15:04:35"
}
{
  "level": "INFO",
  "message": "Token verified successfully",
  "data": null,
  "error": null,
  "date": "2024-11-02 15:04:35"
}
{
  "level": "INFO",
  "message": "Token verified successfully",
  "data": null,
  "error": null,
  "date": "2024-11-02 15:04:37"
}
{
  "level": "INFO",
  "message": "Token verified successfully",
  "data": null,
  "error": null,
  "date": "2024-11-02 15:04:37"
}
{
  "level": "INFO",
  "message": "Token verified successfully",
  "data": null,
  "error": null,
  "date": "2024-11-02 15:04:41"
}
{
  "level": "INFO",
  "message": "Token verified successfully",
  "data": null,
  "error": null,
  "date": "2024-11-02 15:04:47"
}
{
  "level": "INFO",
  "message": "Token verified successfully",
  "data": null,
  "error": null,
  "date": "2024-11-02 15:04:47"
}
{
  "level": "INFO",
  "message": "Token verified successfully",
  "data": null,
  "error": null,
  "date": "2024-11-02 15:04:47"
}
{
  "level": "INFO",
  "message": "Token verified successfully",
  "data": null,
  "error": null,
  "date": "2024-11-02 15:04:47"
}
{
  "level": "INFO",
  "message": "Token verified successfully",
  "data": null,
  "error": null,
  "date": "2024-11-02 15:04:52"
}
{
  "level": "INFO",
  "message": "Token verified successfully",
  "data": null,
  "error": null,
  "date": "2024-11-02 15:04:52"
}
{
  "level": "INFO",
  "message": "Token verified successfully",
  "data": null,
  "error": null,
  "date": "2024-11-02 15:04:56"
}
{
  "level": "INFO",
  "message": "Token verified successfully",
  "data": null,
  "error": null,
  "date": "2024-11-02 15:04:56"
}
{
  "level": "INFO",
  "message": "Token verified successfully",
  "data": null,
  "error": null,
  "date": "2024-11-02 15:04:59"
}
{
  "level": "INFO",
  "message": "Token verified successfully",
  "data": null,
  "error": null,
  "date": "2024-11-02 15:04:59"
}
{
  "level": "INFO",
  "message": "Token verified successfully",
  "data": null,
  "error": null,
  "date": "2024-11-02 15:05:04"
}
{
  "level": "INFO",
  "message": "Token verified successfully",
  "data": null,
  "error": null,
  "date": "2024-11-02 15:05:04"
}
{
  "level": "INFO",
  "message": "Token verified successfully",
  "data": null,
  "error": null,
  "date": "2024-11-02 15:05:08"
}
{
  "level": "INFO",
  "message": "Token verified successfully",
  "data": null,
  "error": null,
  "date": "2024-11-02 15:05:08"
}
{
  "level": "INFO",
  "message": "Token verified successfully",
  "data": null,
  "error": null,
  "date": "2024-11-02 15:05:15"
}
{
  "level": "INFO",
  "message": "Token verified successfully",
  "data": null,
  "error": null,
  "date": "2024-11-02 15:05:15"
}
{
  "level": "INFO",
  "message": "Token verified successfully",
  "data": null,
  "error": null,
  "date": "2024-11-02 15:05:19"
}
{
  "level": "INFO",
  "message": "Token verified successfully",
  "data": null,
  "error": null,
  "date": "2024-11-02 15:05:20"
}
{
  "level": "INFO",
  "message": "Token verified successfully",
  "data": null,
  "error": null,
  "date": "2024-11-02 15:05:23"
}
{
  "level": "INFO",
  "message": "Token verified successfully",
  "data": null,
  "error": null,
  "date": "2024-11-02 15:05:23"
}
{
  "level": "INFO",
  "message": "Token verified successfully",
  "data": null,
  "error": null,
  "date": "2024-11-02 15:05:30"
}
{
  "level": "INFO",
  "message": "Token verified successfully",
  "data": null,
  "error": null,
  "date": "2024-11-02 15:05:30"
}
{
  "level": "INFO",
  "message": "Token verified successfully",
  "data": null,
  "error": null,
  "date": "2024-11-02 15:05:30"
}
{
  "level": "INFO",
  "message": "Token verified successfully",
  "data": null,
  "error": null,
  "date": "2024-11-02 15:05:30"
}
{
  "level": "INFO",
  "message": "Token verified successfully",
  "data": null,
  "error": null,
  "date": "2024-11-02 15:05:33"
}
{
  "level": "INFO",
  "message": "Token verified successfully",
  "data": null,
  "error": null,
  "date": "2024-11-02 15:05:33"
}
{
  "level": "INFO",
  "message": "Token verified successfully",
  "data": null,
  "error": null,
  "date": "2024-11-02 15:05:36"
}
{
  "level": "INFO",
  "message": "Token verified successfully",
  "data": null,
  "error": null,
  "date": "2024-11-02 15:05:36"
}
{
  "level": "INFO",
  "message": "Token verified successfully",
  "data": null,
  "error": null,
  "date": "2024-11-02 15:05:37"
}
{
  "level": "INFO",
  "message": "Token verified successfully",
  "data": null,
  "error": null,
  "date": "2024-11-02 15:05:37"
}
{
  "level": "INFO",
  "message": "Token verified successfully",
  "data": null,
  "error": null,
  "date": "2024-11-02 15:05:43"
}
{
  "level": "INFO",
  "message": "Token verified successfully",
  "data": null,
  "error": null,
  "date": "2024-11-02 15:05:43"
}
{
  "level": "INFO",
  "message": "Token verified successfully",
  "data": null,
  "error": null,
  "date": "2024-11-02 15:05:43"
}
{
  "level": "INFO",
  "message": "Token verified successfully",
  "data": null,
  "error": null,
  "date": "2024-11-02 15:05:43"
}
{
  "level": "INFO",
  "message": "Token verified successfully",
  "data": null,
  "error": null,
  "date": "2024-11-02 15:05:48"
}
{
  "level": "INFO",
  "message": "Token verified successfully",
  "data": null,
  "error": null,
  "date": "2024-11-02 15:05:51"
}
{
  "level": "INFO",
  "message": "Token verified successfully",
  "data": null,
  "error": null,
  "date": "2024-11-02 15:05:55"
}
{
  "level": "INFO",
  "message": "Token verified successfully",
  "data": null,
  "error": null,
  "date": "2024-11-02 15:05:55"
}
{
  "level": "INFO",
  "message": "Token verified successfully",
  "data": null,
  "error": null,
  "date": "2024-11-02 15:05:55"
}
{
  "level": "INFO",
  "message": "Token verified successfully",
  "data": null,
  "error": null,
  "date": "2024-11-02 15:05:55"
}
{
  "level": "INFO",
  "message": "Token verified successfully",
  "data": null,
  "error": null,
  "date": "2024-11-02 15:05:58"
}
{
  "level": "INFO",
  "message": "Token verified successfully",
  "data": null,
  "error": null,
  "date": "2024-11-02 15:06:01"
}
{
  "level": "INFO",
  "message": "Token verified successfully",
  "data": null,
  "error": null,
  "date": "2024-11-02 15:07:00"
}
{
  "level": "INFO",
  "message": "Token verified successfully",
  "data": null,
  "error": null,
  "date": "2024-11-02 15:07:09"
}
{
  "level": "INFO",
  "message": "Token verified successfully",
  "data": null,
  "error": null,
  "date": "2024-11-02 15:07:09"
}
{
  "level": "INFO",
  "message": "Token verified successfully",
  "data": null,
  "error": null,
  "date": "2024-11-02 15:07:15"
}
{
  "level": "INFO",
  "message": "Token verified successfully",
  "data": null,
  "error": null,
  "date": "2024-11-02 15:07:21"
}
{
  "level": "INFO",
  "message": "Token verified successfully",
  "data": null,
  "error": null,
  "date": "2024-11-02 15:07:21"
}
{
  "level": "INFO",
  "message": "Token verified successfully",
  "data": null,
  "error": null,
  "date": "2024-11-02 15:08:01"
}
{
  "level": "INFO",
  "message": "Token verified successfully",
  "data": null,
  "error": null,
  "date": "2024-11-02 15:08:01"
}
{
  "level": "INFO",
  "message": "Token verified successfully",
  "data": null,
  "error": null,
  "date": "2024-11-02 15:08:01"
}
{
  "level": "INFO",
  "message": "Token verified successfully",
  "data": null,
  "error": null,
  "date": "2024-11-02 15:08:01"
}
{
  "level": "INFO",
  "message": "Token verified successfully",
  "data": null,
  "error": null,
  "date": "2024-11-02 15:09:23"
}
{
  "level": "INFO",
  "message": "Token verified successfully",
  "data": null,
  "error": null,
  "date": "2024-11-02 15:09:23"
}
{
  "level": "INFO",
  "message": "Token verified successfully",
  "data": null,
  "error": null,
  "date": "2024-11-02 15:09:23"
}
{
  "level": "INFO",
  "message": "Token verified successfully",
  "data": null,
  "error": null,
  "date": "2024-11-02 15:09:23"
}
{
  "level": "INFO",
  "message": "Token verified successfully",
  "data": null,
  "error": null,
  "date": "2024-11-02 15:09:27"
}
{
  "level": "INFO",
  "message": "Token verified successfully",
  "data": null,
  "error": null,
  "date": "2024-11-02 15:09:27"
}
{
  "level": "INFO",
  "message": "Token verified successfully",
  "data": null,
  "error": null,
  "date": "2024-11-02 15:22:51"
}
{
  "level": "INFO",
  "message": "Token verified successfully",
  "data": null,
  "error": null,
  "date": "2024-11-02 15:22:51"
}
{
  "level": "INFO",
  "message": "Token generated successfully",
  "data": null,
  "error": null,
  "date": "2024-11-02 15:22:51"
}
{
  "level": "INFO",
  "message": "Token generated successfully",
  "data": null,
  "error": null,
  "date": "2024-11-02 15:22:51"
}
{
  "level": "INFO",
  "message": "Token verified successfully",
  "data": null,
  "error": null,
  "date": "2024-11-02 15:22:51"
}
{
  "level": "INFO",
  "message": "Token verified successfully",
  "data": null,
  "error": null,
  "date": "2024-11-02 15:22:51"
}
{
  "level": "INFO",
  "message": "Token verified successfully",
  "data": null,
  "error": null,
  "date": "2024-11-02 15:23:12"
}
{
  "level": "INFO",
  "message": "Token verified successfully",
  "data": null,
  "error": null,
  "date": "2024-11-02 15:23:12"
}
{
  "level": "INFO",
  "message": "Token verified successfully",
  "data": null,
  "error": null,
  "date": "2024-11-02 15:23:14"
}
{
  "level": "INFO",
  "message": "Token verified successfully",
  "data": null,
  "error": null,
  "date": "2024-11-02 15:23:14"
}
{
  "level": "INFO",
  "message": "Token verified successfully",
  "data": null,
  "error": null,
  "date": "2024-11-02 15:23:14"
}
{
  "level": "INFO",
  "message": "Token verified successfully",
  "data": null,
  "error": null,
  "date": "2024-11-02 15:23:14"
}
{
  "level": "INFO",
  "message": "Token verified successfully",
  "data": null,
  "error": null,
  "date": "2024-11-02 15:23:15"
}
{
  "level": "INFO",
  "message": "Token verified successfully",
  "data": null,
  "error": null,
  "date": "2024-11-02 15:23:15"
}
{
  "level": "INFO",
  "message": "Token verified successfully",
  "data": null,
  "error": null,
  "date": "2024-11-02 15:23:15"
}
{
  "level": "INFO",
  "message": "Token verified successfully",
  "data": null,
  "error": null,
  "date": "2024-11-02 15:23:15"
}
{
  "level": "INFO",
  "message": "Token verified successfully",
  "data": null,
  "error": null,
  "date": "2024-11-02 15:23:34"
}
{
  "level": "INFO",
  "message": "Token verified successfully",
  "data": null,
  "error": null,
  "date": "2024-11-02 15:23:34"
}
{
  "level": "INFO",
  "message": "Token verified successfully",
  "data": null,
  "error": null,
  "date": "2024-11-02 15:23:34"
}
{
  "level": "INFO",
  "message": "Token verified successfully",
  "data": null,
  "error": null,
  "date": "2024-11-02 15:23:34"
}
{
  "level": "INFO",
  "message": "Token generated successfully",
  "data": null,
  "error": null,
  "date": "2024-11-02 15:29:31"
}
{
  "level": "INFO",
  "message": "Token generated successfully",
  "data": null,
  "error": null,
  "date": "2024-11-02 15:29:31"
}
{
  "level": "INFO",
  "message": "Token verified successfully",
  "data": null,
  "error": null,
  "date": "2024-11-02 15:29:34"
}
{
  "level": "INFO",
  "message": "Token verified successfully",
  "data": null,
  "error": null,
  "date": "2024-11-02 15:29:34"
}
{
  "level": "INFO",
  "message": "Token verified successfully",
  "data": null,
  "error": null,
  "date": "2024-11-02 15:29:39"
}
{
  "level": "INFO",
  "message": "Token verified successfully",
  "data": null,
  "error": null,
  "date": "2024-11-02 15:29:39"
}
{
  "level": "INFO",
  "message": "Token verified successfully",
  "data": null,
  "error": null,
  "date": "2024-11-02 15:29:43"
}
{
  "level": "INFO",
  "message": "Token verified successfully",
  "data": null,
  "error": null,
  "date": "2024-11-02 15:29:43"
}
{
  "level": "INFO",
  "message": "Token verified successfully",
  "data": null,
  "error": null,
  "date": "2024-11-02 15:29:48"
}
{
  "level": "INFO",
  "message": "Token verified successfully",
  "data": null,
  "error": null,
  "date": "2024-11-02 15:29:48"
}
{
  "level": "INFO",
  "message": "Token verified successfully",
  "data": null,
  "error": null,
  "date": "2024-11-02 15:29:52"
}
{
  "level": "INFO",
  "message": "Token verified successfully",
  "data": null,
  "error": null,
  "date": "2024-11-02 15:29:52"
}
{
  "level": "INFO",
  "message": "Token verified successfully",
  "data": null,
  "error": null,
  "date": "2024-11-02 15:29:54"
}
{
  "level": "INFO",
  "message": "Token verified successfully",
  "data": null,
  "error": null,
  "date": "2024-11-02 15:29:54"
}
{
  "level": "INFO",
  "message": "Token verified successfully",
  "data": null,
  "error": null,
  "date": "2024-11-02 15:29:57"
}
{
  "level": "INFO",
  "message": "Token verified successfully",
  "data": null,
  "error": null,
  "date": "2024-11-02 15:29:57"
}
{
  "level": "INFO",
  "message": "Token verified successfully",
  "data": null,
  "error": null,
  "date": "2024-11-02 15:30:05"
}
{
  "level": "INFO",
  "message": "Token verified successfully",
  "data": null,
  "error": null,
  "date": "2024-11-02 15:30:05"
}
{
  "level": "INFO",
  "message": "Token verified successfully",
  "data": null,
  "error": null,
  "date": "2024-11-02 15:30:05"
}
{
  "level": "INFO",
  "message": "Token verified successfully",
  "data": null,
  "error": null,
  "date": "2024-11-02 15:30:05"
}
{
  "level": "INFO",
  "message": "Token verified successfully",
  "data": null,
  "error": null,
  "date": "2024-11-02 15:30:08"
}
{
  "level": "INFO",
  "message": "Token verified successfully",
  "data": null,
  "error": null,
  "date": "2024-11-02 15:30:08"
}
{
  "level": "INFO",
  "message": "Token verified successfully",
  "data": null,
  "error": null,
  "date": "2024-11-02 15:30:08"
}
{
  "level": "INFO",
  "message": "Token verified successfully",
  "data": null,
  "error": null,
  "date": "2024-11-02 15:30:08"
}
{
  "level": "INFO",
  "message": "Token verified successfully",
  "data": null,
  "error": null,
  "date": "2024-11-02 15:30:10"
}
{
  "level": "INFO",
  "message": "Token verified successfully",
  "data": null,
  "error": null,
  "date": "2024-11-02 15:30:10"
}
{
  "level": "INFO",
  "message": "Token verified successfully",
  "data": null,
  "error": null,
  "date": "2024-11-02 15:30:10"
}
{
  "level": "INFO",
  "message": "Token verified successfully",
  "data": null,
  "error": null,
  "date": "2024-11-02 15:30:10"
}
{
  "level": "INFO",
  "message": "Token verified successfully",
  "data": null,
  "error": null,
  "date": "2024-11-02 15:30:10"
}
{
  "level": "INFO",
  "message": "Token verified successfully",
  "data": null,
  "error": null,
  "date": "2024-11-02 15:30:10"
}
{
  "level": "INFO",
  "message": "Token verified successfully",
  "data": null,
  "error": null,
  "date": "2024-11-02 15:30:11"
}
{
  "level": "INFO",
  "message": "Token verified successfully",
  "data": null,
  "error": null,
  "date": "2024-11-02 15:30:11"
}
{
  "level": "INFO",
  "message": "Token verified successfully",
  "data": null,
  "error": null,
  "date": "2024-11-02 15:30:16"
}
{
  "level": "INFO",
  "message": "Token verified successfully",
  "data": null,
  "error": null,
  "date": "2024-11-02 15:30:16"
}
{
  "level": "INFO",
  "message": "Token verified successfully",
  "data": null,
  "error": null,
  "date": "2024-11-02 15:30:21"
}
{
  "level": "INFO",
  "message": "Token verified successfully",
  "data": null,
  "error": null,
  "date": "2024-11-02 15:30:21"
}
{
  "level": "INFO",
  "message": "Token verified successfully",
  "data": null,
  "error": null,
  "date": "2024-11-02 15:30:25"
}
{
  "level": "INFO",
  "message": "Token verified successfully",
  "data": null,
  "error": null,
  "date": "2024-11-02 15:30:25"
}
{
  "level": "INFO",
  "message": "Token verified successfully",
  "data": null,
  "error": null,
  "date": "2024-11-02 15:30:28"
}
{
  "level": "INFO",
  "message": "Token verified successfully",
  "data": null,
  "error": null,
  "date": "2024-11-02 15:30:28"
}
{
  "level": "INFO",
  "message": "Token verified successfully",
  "data": null,
  "error": null,
  "date": "2024-11-02 15:30:30"
}
{
  "level": "INFO",
  "message": "Token verified successfully",
  "data": null,
  "error": null,
  "date": "2024-11-02 15:30:30"
}
{
  "level": "INFO",
  "message": "Token verified successfully",
  "data": null,
  "error": null,
  "date": "2024-11-02 15:30:37"
}
{
  "level": "INFO",
  "message": "Token verified successfully",
  "data": null,
  "error": null,
  "date": "2024-11-02 15:30:37"
}
{
  "level": "INFO",
  "message": "Token verified successfully",
  "data": null,
  "error": null,
  "date": "2024-11-02 17:20:30"
}
{
  "level": "INFO",
  "message": "Token verified successfully",
  "data": null,
  "error": null,
  "date": "2024-11-02 17:20:31"
}
{
  "level": "INFO",
  "message": "Token generated successfully",
  "data": null,
  "error": null,
  "date": "2024-11-02 17:20:31"
}
{
  "level": "INFO",
  "message": "Token generated successfully",
  "data": null,
  "error": null,
  "date": "2024-11-02 17:20:31"
}
{
  "level": "INFO",
  "message": "Token verified successfully",
  "data": null,
  "error": null,
  "date": "2024-11-02 17:20:31"
}
{
  "level": "INFO",
  "message": "Token verified successfully",
  "data": null,
  "error": null,
  "date": "2024-11-02 17:20:31"
}
{
  "level": "INFO",
  "message": "Token verified successfully",
  "data": null,
  "error": null,
  "date": "2024-11-02 17:20:35"
}
{
  "level": "INFO",
  "message": "Token verified successfully",
  "data": null,
  "error": null,
  "date": "2024-11-02 17:20:35"
}
{
  "level": "INFO",
  "message": "Token verified successfully",
  "data": null,
  "error": null,
  "date": "2024-11-02 17:20:35"
}
{
  "level": "INFO",
  "message": "Token verified successfully",
  "data": null,
  "error": null,
  "date": "2024-11-02 17:20:35"
}
{
  "level": "INFO",
  "message": "Token verified successfully",
  "data": null,
  "error": null,
  "date": "2024-11-02 17:20:45"
}
{
  "level": "INFO",
  "message": "Token verified successfully",
  "data": null,
  "error": null,
  "date": "2024-11-02 17:20:45"
}
{
  "level": "INFO",
  "message": "Token verified successfully",
  "data": null,
  "error": null,
  "date": "2024-11-02 17:20:48"
}
{
  "level": "INFO",
  "message": "Token verified successfully",
  "data": null,
  "error": null,
  "date": "2024-11-02 17:20:48"
}
{
  "level": "INFO",
  "message": "Token verified successfully",
  "data": null,
  "error": null,
  "date": "2024-11-02 17:20:49"
}
{
  "level": "INFO",
  "message": "Token verified successfully",
  "data": null,
  "error": null,
  "date": "2024-11-02 17:20:49"
}
{
  "level": "INFO",
  "message": "Token verified successfully",
  "data": null,
  "error": null,
  "date": "2024-11-02 17:20:50"
}
{
  "level": "INFO",
  "message": "Token verified successfully",
  "data": null,
  "error": null,
  "date": "2024-11-02 17:20:51"
}
{
  "level": "INFO",
  "message": "Token verified successfully",
  "data": null,
  "error": null,
  "date": "2024-11-02 17:20:59"
}
{
  "level": "INFO",
  "message": "Token verified successfully",
  "data": null,
  "error": null,
  "date": "2024-11-02 17:20:59"
}
{
  "level": "INFO",
  "message": "Token verified successfully",
  "data": null,
  "error": null,
  "date": "2024-11-02 17:21:01"
}
{
  "level": "INFO",
  "message": "Token verified successfully",
  "data": null,
  "error": null,
  "date": "2024-11-02 17:21:01"
}
{
  "level": "INFO",
  "message": "Token verified successfully",
  "data": null,
  "error": null,
  "date": "2024-11-02 17:21:03"
}
{
  "level": "INFO",
  "message": "Token verified successfully",
  "data": null,
  "error": null,
  "date": "2024-11-02 17:21:03"
}
{
  "level": "INFO",
  "message": "Token verified successfully",
  "data": null,
  "error": null,
  "date": "2024-11-02 17:21:04"
}
{
  "level": "INFO",
  "message": "Token verified successfully",
  "data": null,
  "error": null,
  "date": "2024-11-02 17:21:04"
}
{
  "level": "INFO",
  "message": "Token verified successfully",
  "data": null,
  "error": null,
  "date": "2024-11-02 17:21:07"
}
{
  "level": "INFO",
  "message": "Token verified successfully",
  "data": null,
  "error": null,
  "date": "2024-11-02 17:21:07"
}
{
  "level": "INFO",
  "message": "Token verified successfully",
  "data": null,
  "error": null,
  "date": "2024-11-02 17:21:14"
}
{
  "level": "INFO",
  "message": "Token verified successfully",
  "data": null,
  "error": null,
  "date": "2024-11-02 17:21:14"
}
{
  "level": "INFO",
  "message": "Token verified successfully",
  "data": null,
  "error": null,
  "date": "2024-11-02 17:21:19"
}
{
  "level": "INFO",
  "message": "Token verified successfully",
  "data": null,
  "error": null,
  "date": "2024-11-02 17:21:19"
}
{
  "level": "INFO",
  "message": "Token verified successfully",
  "data": null,
  "error": null,
  "date": "2024-11-02 17:21:23"
}
{
  "level": "INFO",
  "message": "Token verified successfully",
  "data": null,
  "error": null,
  "date": "2024-11-02 17:21:23"
}
{
  "level": "INFO",
  "message": "Token verified successfully",
  "data": null,
  "error": null,
  "date": "2024-11-02 17:21:33"
}
{
  "level": "INFO",
  "message": "Token verified successfully",
  "data": null,
  "error": null,
  "date": "2024-11-02 17:21:33"
}
{
  "level": "INFO",
  "message": "Token verified successfully",
  "data": null,
  "error": null,
  "date": "2024-11-02 17:23:53"
}
{
  "level": "INFO",
  "message": "Token verified successfully",
  "data": null,
  "error": null,
  "date": "2024-11-02 17:23:53"
}
{
  "level": "INFO",
  "message": "Token verified successfully",
  "data": null,
  "error": null,
  "date": "2024-11-02 17:24:05"
}
{
  "level": "INFO",
  "message": "Token verified successfully",
  "data": null,
  "error": null,
  "date": "2024-11-02 17:24:05"
}
{
  "level": "INFO",
  "message": "Token verified successfully",
  "data": null,
  "error": null,
  "date": "2024-11-02 17:24:15"
}
{
  "level": "INFO",
  "message": "Token verified successfully",
  "data": null,
  "error": null,
  "date": "2024-11-02 17:24:15"
}
{
  "level": "INFO",
  "message": "Token verified successfully",
  "data": null,
  "error": null,
  "date": "2024-11-02 17:24:17"
}
{
  "level": "INFO",
  "message": "Token verified successfully",
  "data": null,
  "error": null,
  "date": "2024-11-02 17:24:17"
}
{
  "level": "INFO",
  "message": "Token verified successfully",
  "data": null,
  "error": null,
  "date": "2024-11-02 17:24:28"
}
{
  "level": "INFO",
  "message": "Token verified successfully",
  "data": null,
  "error": null,
  "date": "2024-11-02 17:24:28"
}
{
  "level": "INFO",
  "message": "Token verified successfully",
  "data": null,
  "error": null,
  "date": "2024-11-02 17:24:28"
}
{
  "level": "INFO",
  "message": "Token verified successfully",
  "data": null,
  "error": null,
  "date": "2024-11-02 17:24:28"
}
{
  "level": "INFO",
  "message": "Token verified successfully",
  "data": null,
  "error": null,
  "date": "2024-11-02 17:24:32"
}
{
  "level": "INFO",
  "message": "Token verified successfully",
  "data": null,
  "error": null,
  "date": "2024-11-02 17:24:32"
}
{
  "level": "INFO",
  "message": "Token verified successfully",
  "data": null,
  "error": null,
  "date": "2024-11-02 17:24:32"
}
{
  "level": "INFO",
  "message": "Token verified successfully",
  "data": null,
  "error": null,
  "date": "2024-11-02 17:24:32"
}
{
  "level": "INFO",
  "message": "Token verified successfully",
  "data": null,
  "error": null,
  "date": "2024-11-02 17:25:36"
}
{
  "level": "INFO",
  "message": "Token verified successfully",
  "data": null,
  "error": null,
  "date": "2024-11-02 17:25:36"
}
{
  "level": "INFO",
  "message": "Token verified successfully",
  "data": null,
  "error": null,
  "date": "2024-11-02 17:25:42"
}
{
  "level": "INFO",
  "message": "Token verified successfully",
  "data": null,
  "error": null,
  "date": "2024-11-02 17:25:42"
}
{
  "level": "INFO",
  "message": "Token verified successfully",
  "data": null,
  "error": null,
  "date": "2024-11-02 17:25:42"
}
{
  "level": "INFO",
  "message": "Token verified successfully",
  "data": null,
  "error": null,
  "date": "2024-11-02 17:25:43"
}
{
  "level": "INFO",
  "message": "Token verified successfully",
  "data": null,
  "error": null,
  "date": "2024-11-02 17:25:45"
}
{
  "level": "INFO",
  "message": "Token verified successfully",
  "data": null,
  "error": null,
  "date": "2024-11-02 17:25:45"
}
{
  "level": "INFO",
  "message": "Token verified successfully",
  "data": null,
  "error": null,
  "date": "2024-11-02 17:25:59"
}
{
  "level": "INFO",
  "message": "Token verified successfully",
  "data": null,
  "error": null,
  "date": "2024-11-02 17:26:00"
}
{
  "level": "INFO",
  "message": "Token verified successfully",
  "data": null,
  "error": null,
  "date": "2024-11-02 17:26:00"
}
{
  "level": "INFO",
  "message": "Token verified successfully",
  "data": null,
  "error": null,
  "date": "2024-11-02 17:26:00"
}
{
  "level": "INFO",
  "message": "Token verified successfully",
  "data": null,
  "error": null,
  "date": "2024-11-02 17:26:01"
}
{
  "level": "INFO",
  "message": "Token verified successfully",
  "data": null,
  "error": null,
  "date": "2024-11-02 17:26:01"
}
{
  "level": "INFO",
  "message": "Token verified successfully",
  "data": null,
  "error": null,
  "date": "2024-11-02 17:26:04"
}
{
  "level": "INFO",
  "message": "Token verified successfully",
  "data": null,
  "error": null,
  "date": "2024-11-02 17:26:04"
}
{
  "level": "INFO",
  "message": "Token verified successfully",
  "data": null,
  "error": null,
  "date": "2024-11-02 17:26:11"
}
{
  "level": "INFO",
  "message": "Token verified successfully",
  "data": null,
  "error": null,
  "date": "2024-11-02 17:26:11"
}
{
  "level": "INFO",
  "message": "Token generated successfully",
  "data": null,
  "error": null,
  "date": "2024-11-02 17:26:24"
}
{
  "level": "INFO",
  "message": "Token generated successfully",
  "data": null,
  "error": null,
  "date": "2024-11-02 17:26:24"
}
{
  "level": "INFO",
  "message": "Token verified successfully",
  "data": null,
  "error": null,
  "date": "2024-11-02 17:26:24"
}
{
  "level": "INFO",
  "message": "Token verified successfully",
  "data": null,
  "error": null,
  "date": "2024-11-02 17:26:24"
}
{
  "level": "INFO",
  "message": "Token verified successfully",
  "data": null,
  "error": null,
  "date": "2024-11-02 17:43:10"
}
{
  "level": "INFO",
  "message": "Token verified successfully",
  "data": null,
  "error": null,
  "date": "2024-11-02 17:43:10"
}
{
  "level": "INFO",
  "message": "Token generated successfully",
  "data": null,
  "error": null,
  "date": "2024-11-02 17:43:10"
}
{
  "level": "INFO",
  "message": "Token generated successfully",
  "data": null,
  "error": null,
  "date": "2024-11-02 17:43:10"
}
{
  "level": "INFO",
  "message": "Token verified successfully",
  "data": null,
  "error": null,
  "date": "2024-11-02 17:43:10"
}
{
  "level": "INFO",
  "message": "Token verified successfully",
  "data": null,
  "error": null,
  "date": "2024-11-02 17:43:10"
}
{
  "level": "INFO",
  "message": "Token verified successfully",
  "data": null,
  "error": null,
  "date": "2024-11-02 17:43:17"
}
{
  "level": "INFO",
  "message": "Token verified successfully",
  "data": null,
  "error": null,
  "date": "2024-11-02 17:43:17"
}
{
  "level": "INFO",
  "message": "Token verified successfully",
  "data": null,
  "error": null,
  "date": "2024-11-02 17:43:18"
}
{
  "level": "INFO",
  "message": "Token verified successfully",
  "data": null,
  "error": null,
  "date": "2024-11-02 17:43:18"
}
{
  "level": "INFO",
  "message": "Token verified successfully",
  "data": null,
  "error": null,
  "date": "2024-11-02 17:43:18"
}
{
  "level": "INFO",
  "message": "Token verified successfully",
  "data": null,
  "error": null,
  "date": "2024-11-02 17:43:19"
}
{
  "level": "INFO",
  "message": "Token verified successfully",
  "data": null,
  "error": null,
  "date": "2024-11-02 17:44:20"
}
{
  "level": "INFO",
  "message": "Token verified successfully",
  "data": null,
  "error": null,
  "date": "2024-11-02 17:44:20"
}
{
  "level": "INFO",
  "message": "Token verified successfully",
  "data": null,
  "error": null,
  "date": "2024-11-02 17:46:46"
}
{
  "level": "INFO",
  "message": "Token verified successfully",
  "data": null,
  "error": null,
  "date": "2024-11-02 17:46:46"
}
{
  "level": "INFO",
  "message": "Token generated successfully",
  "data": null,
  "error": null,
  "date": "2024-11-02 17:47:07"
}
{
  "level": "INFO",
  "message": "Token generated successfully",
  "data": null,
  "error": null,
  "date": "2024-11-02 17:47:07"
}
{
  "level": "INFO",
  "message": "Token verified successfully",
  "data": null,
  "error": null,
  "date": "2024-11-02 17:47:07"
}
{
  "level": "INFO",
  "message": "Token verified successfully",
  "data": null,
  "error": null,
  "date": "2024-11-02 17:47:07"
}
{
  "level": "INFO",
  "message": "Token verified successfully",
  "data": null,
  "error": null,
  "date": "2024-11-02 17:47:16"
}
{
  "level": "INFO",
  "message": "Token verified successfully",
  "data": null,
  "error": null,
  "date": "2024-11-02 17:47:16"
}
{
  "level": "INFO",
  "message": "Token verified successfully",
  "data": null,
  "error": null,
  "date": "2024-11-02 17:47:16"
}
{
  "level": "INFO",
  "message": "Token verified successfully",
  "data": null,
  "error": null,
  "date": "2024-11-02 17:47:16"
}
{
  "level": "INFO",
  "message": "Token verified successfully",
  "data": null,
  "error": null,
  "date": "2024-11-02 17:47:17"
}
{
  "level": "INFO",
  "message": "Token verified successfully",
  "data": null,
  "error": null,
  "date": "2024-11-02 17:47:17"
}
{
  "level": "INFO",
  "message": "Token verified successfully",
  "data": null,
  "error": null,
  "date": "2024-11-02 17:47:25"
}
{
  "level": "INFO",
  "message": "Token verified successfully",
  "data": null,
  "error": null,
  "date": "2024-11-02 17:47:25"
}
{
  "level": "INFO",
  "message": "Token verified successfully",
  "data": null,
  "error": null,
  "date": "2024-11-02 17:47:25"
}
{
  "level": "INFO",
  "message": "Token verified successfully",
  "data": null,
  "error": null,
  "date": "2024-11-02 17:47:25"
}
{
  "level": "INFO",
  "message": "Token verified successfully",
  "data": null,
  "error": null,
  "date": "2024-11-02 17:47:32"
}
{
  "level": "INFO",
  "message": "Token verified successfully",
  "data": null,
  "error": null,
  "date": "2024-11-02 17:47:32"
}
{
  "level": "INFO",
  "message": "Token verified successfully",
  "data": null,
  "error": null,
  "date": "2024-11-02 17:48:50"
}
{
  "level": "INFO",
  "message": "Token verified successfully",
  "data": null,
  "error": null,
  "date": "2024-11-02 17:48:50"
}
{
  "level": "INFO",
  "message": "Token verified successfully",
  "data": null,
  "error": null,
  "date": "2024-11-02 17:48:50"
}
{
  "level": "INFO",
  "message": "Token verified successfully",
  "data": null,
  "error": null,
  "date": "2024-11-02 17:48:50"
}
{
  "level": "INFO",
  "message": "Token verified successfully",
  "data": null,
  "error": null,
  "date": "2024-11-02 17:48:53"
}
{
  "level": "INFO",
  "message": "Token verified successfully",
  "data": null,
  "error": null,
  "date": "2024-11-02 17:48:53"
}
{
  "level": "INFO",
  "message": "Token verified successfully",
  "data": null,
  "error": null,
  "date": "2024-11-02 17:49:13"
}
{
  "level": "INFO",
  "message": "Token verified successfully",
  "data": null,
  "error": null,
  "date": "2024-11-02 17:50:04"
}
{
  "level": "INFO",
  "message": "Token generated successfully",
  "data": null,
  "error": null,
  "date": "2024-11-02 17:50:05"
}
{
  "level": "INFO",
  "message": "Token verified successfully",
  "data": null,
  "error": null,
  "date": "2024-11-02 17:50:23"
}
{
  "level": "INFO",
  "message": "Token verified successfully",
  "data": null,
  "error": null,
  "date": "2024-11-02 17:50:23"
}
{
  "level": "INFO",
  "message": "Token generated successfully",
  "data": null,
  "error": null,
  "date": "2024-11-02 17:50:38"
}
{
  "level": "INFO",
  "message": "Token generated successfully",
  "data": null,
  "error": null,
  "date": "2024-11-02 17:50:38"
}
{
  "level": "INFO",
  "message": "Token verified successfully",
  "data": null,
  "error": null,
  "date": "2024-11-02 17:50:38"
}
{
  "level": "INFO",
  "message": "Token verified successfully",
  "data": null,
  "error": null,
  "date": "2024-11-02 17:50:38"
}
{
  "level": "INFO",
  "message": "Token verified successfully",
  "data": null,
  "error": null,
  "date": "2024-11-02 17:50:40"
}
{
  "level": "INFO",
  "message": "Token verified successfully",
  "data": null,
  "error": null,
  "date": "2024-11-02 17:50:40"
}
{
  "level": "INFO",
  "message": "Token verified successfully",
  "data": null,
  "error": null,
  "date": "2024-11-02 17:50:40"
}
{
  "level": "INFO",
  "message": "Token verified successfully",
  "data": null,
  "error": null,
  "date": "2024-11-02 17:50:40"
}
{
  "level": "INFO",
  "message": "Token verified successfully",
  "data": null,
  "error": null,
  "date": "2024-11-02 17:50:44"
}
{
  "level": "INFO",
  "message": "Token verified successfully",
  "data": null,
  "error": null,
  "date": "2024-11-02 17:50:44"
}
{
  "level": "INFO",
  "message": "Token verified successfully",
  "data": null,
  "error": null,
  "date": "2024-11-02 17:50:47"
}
{
  "level": "INFO",
  "message": "Token verified successfully",
  "data": null,
  "error": null,
  "date": "2024-11-02 17:50:47"
}
{
  "level": "INFO",
  "message": "Token verified successfully",
  "data": null,
  "error": null,
  "date": "2024-11-02 17:50:47"
}
{
  "level": "INFO",
  "message": "Token verified successfully",
  "data": null,
  "error": null,
  "date": "2024-11-02 17:50:47"
}
{
  "level": "INFO",
  "message": "Token verified successfully",
  "data": null,
  "error": null,
  "date": "2024-11-02 17:50:49"
}
{
  "level": "INFO",
  "message": "Token verified successfully",
  "data": null,
  "error": null,
  "date": "2024-11-02 17:50:49"
}
{
  "level": "INFO",
  "message": "Token verified successfully",
  "data": null,
  "error": null,
  "date": "2024-11-02 17:50:49"
}
{
  "level": "INFO",
  "message": "Token verified successfully",
  "data": null,
  "error": null,
  "date": "2024-11-02 17:50:49"
}
{
  "level": "INFO",
  "message": "Token verified successfully",
  "data": null,
  "error": null,
  "date": "2024-11-02 17:50:52"
}
{
  "level": "INFO",
  "message": "Token verified successfully",
  "data": null,
  "error": null,
  "date": "2024-11-02 17:50:52"
}
{
  "level": "INFO",
  "message": "Token verified successfully",
  "data": null,
  "error": null,
  "date": "2024-11-02 17:50:52"
}
{
  "level": "INFO",
  "message": "Token verified successfully",
  "data": null,
  "error": null,
  "date": "2024-11-02 17:50:52"
}
{
  "level": "INFO",
  "message": "Token verified successfully",
  "data": null,
  "error": null,
  "date": "2024-11-02 17:51:11"
}
{
  "level": "INFO",
  "message": "Token verified successfully",
  "data": null,
  "error": null,
  "date": "2024-11-02 17:51:11"
}
{
  "level": "INFO",
  "message": "Token verified successfully",
  "data": null,
  "error": null,
  "date": "2024-11-02 17:51:13"
}
{
  "level": "INFO",
  "message": "Token verified successfully",
  "data": null,
  "error": null,
  "date": "2024-11-02 17:51:13"
}
{
  "level": "INFO",
  "message": "Token verified successfully",
  "data": null,
  "error": null,
  "date": "2024-11-02 17:51:19"
}
{
  "level": "INFO",
  "message": "Token verified successfully",
  "data": null,
  "error": null,
  "date": "2024-11-02 17:51:19"
}
{
  "level": "INFO",
  "message": "Token verified successfully",
  "data": null,
  "error": null,
  "date": "2024-11-02 17:51:25"
}
{
  "level": "INFO",
  "message": "Token verified successfully",
  "data": null,
  "error": null,
  "date": "2024-11-02 17:51:25"
}
{
  "level": "INFO",
  "message": "Token verified successfully",
  "data": null,
  "error": null,
  "date": "2024-11-02 17:57:55"
}
{
  "level": "INFO",
  "message": "Token verified successfully",
  "data": null,
  "error": null,
  "date": "2024-11-02 17:57:55"
}
{
  "level": "INFO",
  "message": "Token verified successfully",
  "data": null,
  "error": null,
  "date": "2024-11-02 17:58:53"
}
{
  "level": "INFO",
  "message": "Token verified successfully",
  "data": null,
  "error": null,
  "date": "2024-11-02 17:58:53"
}
{
  "level": "INFO",
  "message": "Token verified successfully",
  "data": null,
  "error": null,
  "date": "2024-11-02 17:58:53"
}
{
  "level": "INFO",
  "message": "Token verified successfully",
  "data": null,
  "error": null,
  "date": "2024-11-02 17:58:53"
}
{
  "level": "INFO",
  "message": "Token verified successfully",
  "data": null,
  "error": null,
  "date": "2024-11-02 17:59:34"
}
{
  "level": "INFO",
  "message": "Token verified successfully",
  "data": null,
  "error": null,
  "date": "2024-11-02 17:59:34"
}
{
  "level": "INFO",
  "message": "Token verified successfully",
  "data": null,
  "error": null,
  "date": "2024-11-02 17:59:35"
}
{
  "level": "INFO",
  "message": "Token verified successfully",
  "data": null,
  "error": null,
  "date": "2024-11-02 17:59:35"
}
{
  "level": "INFO",
  "message": "Token verified successfully",
  "data": null,
  "error": null,
  "date": "2024-11-02 17:59:35"
}
{
  "level": "INFO",
  "message": "Token verified successfully",
  "data": null,
  "error": null,
  "date": "2024-11-02 17:59:35"
}
{
  "level": "INFO",
  "message": "Token verified successfully",
  "data": null,
  "error": null,
  "date": "2024-11-02 17:59:35"
}
{
  "level": "INFO",
  "message": "Token verified successfully",
  "data": null,
  "error": null,
  "date": "2024-11-02 17:59:35"
}
{
  "level": "INFO",
  "message": "Token verified successfully",
  "data": null,
  "error": null,
  "date": "2024-11-02 17:59:39"
}
{
  "level": "INFO",
  "message": "Token verified successfully",
  "data": null,
  "error": null,
  "date": "2024-11-02 17:59:39"
}
{
  "level": "INFO",
  "message": "Token verified successfully",
  "data": null,
  "error": null,
  "date": "2024-11-02 17:59:41"
}
{
  "level": "INFO",
  "message": "Token verified successfully",
  "data": null,
  "error": null,
  "date": "2024-11-02 17:59:41"
}
{
  "level": "INFO",
  "message": "Token verified successfully",
  "data": null,
  "error": null,
  "date": "2024-11-02 17:59:45"
}
{
  "level": "INFO",
  "message": "Token verified successfully",
  "data": null,
  "error": null,
  "date": "2024-11-02 17:59:45"
}
{
  "level": "INFO",
  "message": "Token verified successfully",
  "data": null,
  "error": null,
  "date": "2024-11-02 17:59:46"
}
{
  "level": "INFO",
  "message": "Token verified successfully",
  "data": null,
  "error": null,
  "date": "2024-11-02 17:59:47"
}
{
  "level": "INFO",
  "message": "Token verified successfully",
  "data": null,
  "error": null,
  "date": "2024-11-02 17:59:49"
}
{
  "level": "INFO",
  "message": "Token verified successfully",
  "data": null,
  "error": null,
  "date": "2024-11-02 17:59:49"
}
{
  "level": "INFO",
  "message": "Token verified successfully",
  "data": null,
  "error": null,
  "date": "2024-11-02 17:59:50"
}
{
  "level": "INFO",
  "message": "Token verified successfully",
  "data": null,
  "error": null,
  "date": "2024-11-02 17:59:50"
}
{
  "level": "INFO",
  "message": "Token verified successfully",
  "data": null,
  "error": null,
  "date": "2024-11-02 17:59:53"
}
{
  "level": "INFO",
  "message": "Token verified successfully",
  "data": null,
  "error": null,
  "date": "2024-11-02 17:59:53"
}
{
  "level": "INFO",
  "message": "Token verified successfully",
  "data": null,
  "error": null,
  "date": "2024-11-02 17:59:53"
}
{
  "level": "INFO",
  "message": "Token verified successfully",
  "data": null,
  "error": null,
  "date": "2024-11-02 17:59:53"
}
{
  "level": "INFO",
  "message": "Token verified successfully",
  "data": null,
  "error": null,
  "date": "2024-11-02 17:59:53"
}
{
  "level": "INFO",
  "message": "Token verified successfully",
  "data": null,
  "error": null,
  "date": "2024-11-02 17:59:53"
}
{
  "level": "INFO",
  "message": "Token verified successfully",
  "data": null,
  "error": null,
  "date": "2024-11-02 17:59:53"
}
{
  "level": "INFO",
  "message": "Token verified successfully",
  "data": null,
  "error": null,
  "date": "2024-11-02 17:59:53"
}
{
  "level": "INFO",
  "message": "Token verified successfully",
  "data": null,
  "error": null,
  "date": "2024-11-02 17:59:53"
}
{
  "level": "INFO",
  "message": "Token verified successfully",
  "data": null,
  "error": null,
  "date": "2024-11-02 17:59:53"
}
{
  "level": "INFO",
  "message": "Token verified successfully",
  "data": null,
  "error": null,
  "date": "2024-11-02 17:59:58"
}
{
  "level": "INFO",
  "message": "Token verified successfully",
  "data": null,
  "error": null,
  "date": "2024-11-02 17:59:58"
}
{
  "level": "INFO",
  "message": "Token verified successfully",
  "data": null,
  "error": null,
  "date": "2024-11-02 18:00:01"
}
{
  "level": "INFO",
  "message": "Token verified successfully",
  "data": null,
  "error": null,
  "date": "2024-11-02 18:00:01"
}
{
  "level": "INFO",
  "message": "Token generated successfully",
  "data": null,
  "error": null,
  "date": "2024-11-02 18:18:55"
}
{
  "level": "INFO",
  "message": "Token generated successfully",
  "data": null,
  "error": null,
  "date": "2024-11-02 18:18:55"
}
{
  "level": "INFO",
  "message": "Token verified successfully",
  "data": null,
  "error": null,
  "date": "2024-11-02 18:18:55"
}
{
  "level": "INFO",
  "message": "Token verified successfully",
  "data": null,
  "error": null,
  "date": "2024-11-02 18:18:55"
}
{
  "level": "INFO",
  "message": "Token verified successfully",
  "data": null,
  "error": null,
  "date": "2024-11-02 18:18:58"
}
{
  "level": "INFO",
  "message": "Token verified successfully",
  "data": null,
  "error": null,
  "date": "2024-11-02 18:18:58"
}
{
  "level": "INFO",
  "message": "Token verified successfully",
  "data": null,
  "error": null,
  "date": "2024-11-02 18:18:58"
}
{
  "level": "INFO",
  "message": "Token verified successfully",
  "data": null,
  "error": null,
  "date": "2024-11-02 18:18:58"
}
{
  "level": "INFO",
  "message": "Token verified successfully",
  "data": null,
  "error": null,
  "date": "2024-11-02 18:19:32"
}
{
  "level": "INFO",
  "message": "Token verified successfully",
  "data": null,
  "error": null,
  "date": "2024-11-02 18:19:32"
}
{
  "level": "INFO",
  "message": "Token verified successfully",
  "data": null,
  "error": null,
  "date": "2024-11-02 18:19:41"
}
{
  "level": "INFO",
  "message": "Token verified successfully",
  "data": null,
  "error": null,
  "date": "2024-11-02 18:19:41"
}
{
  "level": "INFO",
  "message": "Token verified successfully",
  "data": null,
  "error": null,
  "date": "2024-11-02 18:19:43"
}
{
  "level": "INFO",
  "message": "Token verified successfully",
  "data": null,
  "error": null,
  "date": "2024-11-02 18:19:43"
}
{
  "level": "INFO",
  "message": "Token verified successfully",
  "data": null,
  "error": null,
  "date": "2024-11-02 18:19:43"
}
{
  "level": "INFO",
  "message": "Token verified successfully",
  "data": null,
  "error": null,
  "date": "2024-11-02 18:19:43"
}
{
  "level": "INFO",
  "message": "Token verified successfully",
  "data": null,
  "error": null,
  "date": "2024-11-02 18:19:48"
}
{
  "level": "INFO",
  "message": "Token verified successfully",
  "data": null,
  "error": null,
  "date": "2024-11-02 18:19:48"
}
{
  "level": "INFO",
  "message": "Token verified successfully",
  "data": null,
  "error": null,
  "date": "2024-11-02 18:19:54"
}
{
  "level": "INFO",
  "message": "Token verified successfully",
  "data": null,
  "error": null,
  "date": "2024-11-02 18:19:54"
}
