{
  "level": "INFO",
  "message": "Agenda initialized",
  "data": null,
  "error": null,
  "date": "2024-11-02 14:24:08"
}
{
  "level": "INFO",
  "message": "Agenda database connected",
  "data": null,
  "error": null,
  "date": "2024-11-02 14:24:09"
}
{
  "level": "ERROR",
  "message": "Error initializing Agenda",
  "data": null,
  "error": {},
  "date": "2024-11-02 14:24:09"
}
{
  "level": "INFO",
  "message": "Agenda initialized",
  "data": null,
  "error": null,
  "date": "2024-11-02 14:24:56"
}
{
  "level": "INFO",
  "message": "Agenda database connected",
  "data": null,
  "error": null,
  "date": "2024-11-02 14:24:56"
}
{
  "level": "ERROR",
  "message": "Error initializing Agenda",
  "data": null,
  "error": {},
  "date": "2024-11-02 14:24:57"
}
{
  "level": "INFO",
  "message": "Agenda initialized",
  "data": null,
  "error": null,
  "date": "2024-11-02 14:25:10"
}
{
  "level": "INFO",
  "message": "Agenda database connected",
  "data": null,
  "error": null,
  "date": "2024-11-02 14:25:10"
}
{
  "level": "ERROR",
  "message": "Error initializing Agenda",
  "data": null,
  "error": {},
  "date": "2024-11-02 14:25:10"
}
{
  "level": "INFO",
  "message": "Agenda initialized",
  "data": null,
  "error": null,
  "date": "2024-11-02 14:25:27"
}
{
  "level": "INFO",
  "message": "Agenda database connected",
  "data": null,
  "error": null,
  "date": "2024-11-02 14:25:27"
}
{
  "level": "ERROR",
  "message": "Error initializing Agenda",
  "data": null,
  "error": {},
  "date": "2024-11-02 14:25:27"
}
{
  "level": "INFO",
  "message": "Agenda initialized",
  "data": null,
  "error": null,
  "date": "2024-11-02 14:25:38"
}
{
  "level": "INFO",
  "message": "Agenda database connected",
  "data": null,
  "error": null,
  "date": "2024-11-02 14:25:38"
}
{
  "level": "ERROR",
  "message": "Error initializing Agenda",
  "data": null,
  "error": {},
  "date": "2024-11-02 14:25:38"
}
{
  "level": "INFO",
  "message": "Agenda initialized",
  "data": null,
  "error": null,
  "date": "2024-11-02 14:27:53"
}
{
  "level": "INFO",
  "message": "Agenda database connected",
  "data": null,
  "error": null,
  "date": "2024-11-02 14:27:53"
}
{
  "level": "ERROR",
  "message": "Error initializing Agenda",
  "data": null,
  "error": {},
  "date": "2024-11-02 14:27:53"
}
{
  "level": "INFO",
  "message": "Agenda initialized",
  "data": null,
  "error": null,
  "date": "2024-11-02 14:30:30"
}
{
  "level": "INFO",
  "message": "Agenda database connected",
  "data": null,
  "error": null,
  "date": "2024-11-02 14:30:30"
}
{
  "level": "ERROR",
  "message": "Error initializing Agenda",
  "data": null,
  "error": {},
  "date": "2024-11-02 14:30:30"
}
{
  "level": "INFO",
  "message": "Agenda initialized",
  "data": null,
  "error": null,
  "date": "2024-11-02 14:30:43"
}
{
  "level": "INFO",
  "message": "Agenda database connected",
  "data": null,
  "error": null,
  "date": "2024-11-02 14:30:43"
}
{
  "level": "ERROR",
  "message": "Error initializing Agenda",
  "data": null,
  "error": {},
  "date": "2024-11-02 14:30:43"
}
{
  "level": "INFO",
  "message": "Agenda initialized",
  "data": null,
  "error": null,
  "date": "2024-11-02 14:30:55"
}
{
  "level": "INFO",
  "message": "Agenda database connected",
  "data": null,
  "error": null,
  "date": "2024-11-02 14:30:55"
}
{
  "level": "ERROR",
  "message": "Error initializing Agenda",
  "data": null,
  "error": {},
  "date": "2024-11-02 14:30:55"
}
{
  "level": "INFO",
  "message": "Agenda initialized",
  "data": null,
  "error": null,
  "date": "2024-11-02 14:31:02"
}
{
  "level": "INFO",
  "message": "Agenda database connected",
  "data": null,
  "error": null,
  "date": "2024-11-02 14:31:02"
}
{
  "level": "ERROR",
  "message": "Error initializing Agenda",
  "data": null,
  "error": {},
  "date": "2024-11-02 14:31:02"
}
{
  "level": "INFO",
  "message": "Agenda initialized",
  "data": null,
  "error": null,
  "date": "2024-11-02 14:31:24"
}
{
  "level": "INFO",
  "message": "Agenda database connected",
  "data": null,
  "error": null,
  "date": "2024-11-02 14:31:24"
}
{
  "level": "ERROR",
  "message": "Error initializing Agenda",
  "data": null,
  "error": {},
  "date": "2024-11-02 14:31:24"
}
{
  "level": "INFO",
  "message": "Agenda initialized",
  "data": null,
  "error": null,
  "date": "2024-11-02 14:34:11"
}
{
  "level": "INFO",
  "message": "Agenda database connected",
  "data": null,
  "error": null,
  "date": "2024-11-02 14:34:11"
}
{
  "level": "ERROR",
  "message": "Error initializing Agenda",
  "data": null,
  "error": {},
  "date": "2024-11-02 14:34:11"
}
{
  "level": "INFO",
  "message": "Agenda initialized",
  "data": null,
  "error": null,
  "date": "2024-11-02 14:34:30"
}
{
  "level": "INFO",
  "message": "Agenda database connected",
  "data": null,
  "error": null,
  "date": "2024-11-02 14:34:30"
}
{
  "level": "INFO",
  "message": "Agenda initialized",
  "data": null,
  "error": null,
  "date": "2024-11-02 14:34:49"
}
{
  "level": "INFO",
  "message": "Agenda database connected",
  "data": null,
  "error": null,
  "date": "2024-11-02 14:34:49"
}
{
  "level": "ERROR",
  "message": "Error initializing Agenda",
  "data": null,
  "error": {},
  "date": "2024-11-02 14:34:49"
}
{
  "level": "INFO",
  "message": "Agenda initialized",
  "data": null,
  "error": null,
  "date": "2024-11-02 14:35:00"
}
{
  "level": "INFO",
  "message": "Agenda database connected",
  "data": null,
  "error": null,
  "date": "2024-11-02 14:35:00"
}
{
  "level": "INFO",
  "message": "Agenda started successfully",
  "data": null,
  "error": null,
  "date": "2024-11-02 14:35:00"
}
{
  "level": "INFO",
  "message": "Cleared 0 unverified users",
  "data": null,
  "error": null,
  "date": "2024-11-02 14:35:30"
}
{
  "level": "INFO",
  "message": "Job scheduled",
  "data": {
    "type": "emailVerification",
    "email": "yusif.ibrahimli.07@mail.ru",
    "token": "eyJhbGciOiJIUzI1NiIsInR5cCI6IkpXVCJ9.eyJ1c2VySUQiOjEsImNyZWF0aW9uVGltZSI6MTczMDU0Mzc1NTM0NiwiaWF0IjoxNzMwNTQzNzU1LCJleHAiOjE3MzA1NDU1NTV9.wqqd7bdp8DZ4t4eCaRJOy68NtrKDzk4etorTmmx_SxQ"
  },
  "error": null,
  "date": "2024-11-02 14:35:55"
}
{
  "level": "INFO",
  "message": "Sending verification email",
  "data": {
    "type": "emailVerification",
    "email": "yusif.ibrahimli.07@mail.ru",
    "token": "eyJhbGciOiJIUzI1NiIsInR5cCI6IkpXVCJ9.eyJ1c2VySUQiOjEsImNyZWF0aW9uVGltZSI6MTczMDU0Mzc1NTM0NiwiaWF0IjoxNzMwNTQzNzU1LCJleHAiOjE3MzA1NDU1NTV9.wqqd7bdp8DZ4t4eCaRJOy68NtrKDzk4etorTmmx_SxQ"
  },
  "error": null,
  "date": "2024-11-02 14:35:55"
}
{
  "level": "INFO",
  "message": "Cleared 0 unverified users",
  "data": null,
  "error": null,
  "date": "2024-11-02 14:36:00"
}
{
  "level": "INFO",
  "message": "Job scheduled",
  "data": {
    "type": "emailVerification",
    "email": "yusif.ibrahimli.07@mail.ru",
    "token": "eyJhbGciOiJIUzI1NiIsInR5cCI6IkpXVCJ9.eyJ1c2VySUQiOjEsImNyZWF0aW9uVGltZSI6MTczMDU0MzgxNTc5MiwiaWF0IjoxNzMwNTQzODE1LCJleHAiOjE3MzA1NDU2MTV9.HhS68NhUMmdH9nzBs2GYJNH0TitQy3vOvD3QJLoHY4E"
  },
  "error": null,
  "date": "2024-11-02 14:36:55"
}
{
  "level": "INFO",
  "message": "Sending verification email",
  "data": {
    "type": "emailVerification",
    "email": "yusif.ibrahimli.07@mail.ru",
    "token": "eyJhbGciOiJIUzI1NiIsInR5cCI6IkpXVCJ9.eyJ1c2VySUQiOjEsImNyZWF0aW9uVGltZSI6MTczMDU0MzgxNTc5MiwiaWF0IjoxNzMwNTQzODE1LCJleHAiOjE3MzA1NDU2MTV9.HhS68NhUMmdH9nzBs2GYJNH0TitQy3vOvD3QJLoHY4E"
  },
  "error": null,
  "date": "2024-11-02 14:36:55"
}
{
  "level": "INFO",
  "message": "Job scheduled",
  "data": {
    "type": "emailVerification",
    "email": "yusif.ibrahimli.07@mail.ru",
    "token": "eyJhbGciOiJIUzI1NiIsInR5cCI6IkpXVCJ9.eyJ1c2VySUQiOjEsImNyZWF0aW9uVGltZSI6MTczMDU0MzgxNzY4MiwiaWF0IjoxNzMwNTQzODE3LCJleHAiOjE3MzA1NDU2MTd9.3jE9P__urerPqTGEr2o0ZgZ8avMmtAzRnrFSkyRpQu8"
  },
  "error": null,
  "date": "2024-11-02 14:36:57"
}
{
  "level": "INFO",
  "message": "Sending verification email",
  "data": {
    "type": "emailVerification",
    "email": "yusif.ibrahimli.07@mail.ru",
    "token": "eyJhbGciOiJIUzI1NiIsInR5cCI6IkpXVCJ9.eyJ1c2VySUQiOjEsImNyZWF0aW9uVGltZSI6MTczMDU0MzgxNzY4MiwiaWF0IjoxNzMwNTQzODE3LCJleHAiOjE3MzA1NDU2MTd9.3jE9P__urerPqTGEr2o0ZgZ8avMmtAzRnrFSkyRpQu8"
  },
  "error": null,
  "date": "2024-11-02 14:36:57"
}
{
  "level": "INFO",
  "message": "Agenda initialized",
  "data": null,
  "error": null,
  "date": "2024-11-02 14:39:05"
}
{
  "level": "INFO",
  "message": "Agenda database connected",
  "data": null,
  "error": null,
  "date": "2024-11-02 14:39:05"
}
{
  "level": "INFO",
  "message": "Agenda started successfully",
  "data": null,
  "error": null,
  "date": "2024-11-02 14:39:05"
}
{
  "level": "INFO",
  "message": "Agenda initialized",
  "data": null,
  "error": null,
  "date": "2024-11-02 14:39:07"
}
{
  "level": "INFO",
  "message": "Agenda database connected",
  "data": null,
  "error": null,
  "date": "2024-11-02 14:39:07"
}
{
  "level": "INFO",
  "message": "Agenda started successfully",
  "data": null,
  "error": null,
  "date": "2024-11-02 14:39:07"
}
{
  "level": "INFO",
  "message": "Cleared 0 unverified users",
  "data": null,
  "error": null,
  "date": "2024-11-02 14:40:05"
}
{
  "level": "INFO",
  "message": "Cleared 0 unverified users",
  "data": null,
  "error": null,
  "date": "2024-11-02 14:40:07"
}
{
  "level": "INFO",
  "message": "Agenda initialized",
  "data": null,
  "error": null,
  "date": "2024-11-02 14:48:52"
}
{
  "level": "INFO",
  "message": "Agenda database connected",
  "data": null,
  "error": null,
  "date": "2024-11-02 14:48:52"
}
{
  "level": "INFO",
  "message": "Agenda started successfully",
  "data": null,
  "error": null,
  "date": "2024-11-02 14:48:52"
}
{
  "level": "INFO",
  "message": "Agenda initialized",
  "data": null,
  "error": null,
  "date": "2024-11-02 14:48:56"
}
{
  "level": "INFO",
  "message": "Agenda database connected",
  "data": null,
  "error": null,
  "date": "2024-11-02 14:48:56"
}
{
  "level": "INFO",
  "message": "Agenda started successfully",
  "data": null,
  "error": null,
  "date": "2024-11-02 14:48:56"
}
{
  "level": "INFO",
  "message": "Agenda initialized",
  "data": null,
  "error": null,
  "date": "2024-11-02 14:48:58"
}
{
  "level": "INFO",
  "message": "Agenda database connected",
  "data": null,
  "error": null,
  "date": "2024-11-02 14:48:58"
}
{
  "level": "INFO",
  "message": "Agenda started successfully",
  "data": null,
  "error": null,
  "date": "2024-11-02 14:48:58"
}
{
  "level": "INFO",
  "message": "Agenda initialized",
  "data": null,
  "error": null,
  "date": "2024-11-02 14:49:01"
}
{
  "level": "INFO",
  "message": "Agenda database connected",
  "data": null,
  "error": null,
  "date": "2024-11-02 14:49:01"
}
{
  "level": "INFO",
  "message": "Agenda started successfully",
  "data": null,
  "error": null,
  "date": "2024-11-02 14:49:01"
}
{
  "level": "INFO",
  "message": "Cleared 0 unverified users",
  "data": null,
  "error": null,
  "date": "2024-11-02 14:49:52"
}
{
  "level": "INFO",
  "message": "Cleared 0 unverified users",
  "data": null,
  "error": null,
  "date": "2024-11-02 14:49:56"
}
{
  "level": "INFO",
  "message": "Cleared 0 unverified users",
  "data": null,
  "error": null,
  "date": "2024-11-02 14:49:58"
}
{
  "level": "INFO",
  "message": "Cleared 0 unverified users",
  "data": null,
  "error": null,
  "date": "2024-11-02 14:50:01"
}
{
  "level": "INFO",
  "message": "Agenda initialized",
  "data": null,
  "error": null,
  "date": "2024-11-02 14:51:45"
}
{
  "level": "INFO",
  "message": "Agenda database connected",
  "data": null,
  "error": null,
  "date": "2024-11-02 14:51:45"
}
{
  "level": "INFO",
  "message": "Agenda started successfully",
  "data": null,
  "error": null,
  "date": "2024-11-02 14:51:45"
}
{
  "level": "INFO",
  "message": "Cleared 0 unverified users",
  "data": null,
  "error": null,
  "date": "2024-11-02 14:52:45"
}
{
  "level": "INFO",
  "message": "Agenda initialized",
  "data": null,
  "error": null,
  "date": "2024-11-02 14:54:37"
}
{
  "level": "INFO",
  "message": "Agenda database connected",
  "data": null,
  "error": null,
  "date": "2024-11-02 14:54:37"
}
{
  "level": "INFO",
  "message": "Agenda started successfully",
  "data": null,
  "error": null,
  "date": "2024-11-02 14:54:37"
}
{
  "level": "INFO",
  "message": "Agenda initialized",
  "data": null,
  "error": null,
  "date": "2024-11-02 14:55:31"
}
{
  "level": "INFO",
  "message": "Agenda database connected",
  "data": null,
  "error": null,
  "date": "2024-11-02 14:55:31"
}
{
  "level": "INFO",
  "message": "Agenda started successfully",
  "data": null,
  "error": null,
  "date": "2024-11-02 14:55:32"
}
{
  "level": "INFO",
  "message": "Cleared 0 unverified users",
  "data": null,
  "error": null,
  "date": "2024-11-02 14:55:37"
}
{
  "level": "INFO",
  "message": "Agenda initialized",
  "data": null,
  "error": null,
  "date": "2024-11-02 14:55:50"
}
{
  "level": "INFO",
  "message": "Agenda database connected",
  "data": null,
  "error": null,
  "date": "2024-11-02 14:55:50"
}
{
  "level": "INFO",
  "message": "Agenda started successfully",
  "data": null,
  "error": null,
  "date": "2024-11-02 14:55:50"
}
{
  "level": "INFO",
  "message": "Cleared 0 unverified users",
  "data": null,
  "error": null,
  "date": "2024-11-02 14:56:32"
}
{
  "level": "INFO",
  "message": "Cleared 0 unverified users",
  "data": null,
  "error": null,
  "date": "2024-11-02 14:56:50"
}
{
  "level": "INFO",
  "message": "Agenda initialized",
  "data": null,
  "error": null,
  "date": "2024-11-02 14:56:53"
}
{
  "level": "INFO",
  "message": "Agenda database connected",
  "data": null,
  "error": null,
  "date": "2024-11-02 14:56:53"
}
{
  "level": "INFO",
  "message": "Agenda started successfully",
  "data": null,
  "error": null,
  "date": "2024-11-02 14:56:53"
}
{
  "level": "INFO",
  "message": "Agenda initialized",
  "data": null,
  "error": null,
  "date": "2024-11-02 14:57:16"
}
{
  "level": "INFO",
  "message": "Agenda database connected",
  "data": null,
  "error": null,
  "date": "2024-11-02 14:57:16"
}
{
  "level": "INFO",
  "message": "Agenda started successfully",
  "data": null,
  "error": null,
  "date": "2024-11-02 14:57:16"
}
{
  "level": "INFO",
  "message": "Cleared 0 unverified users",
  "data": null,
  "error": null,
  "date": "2024-11-02 14:57:53"
}
{
  "level": "INFO",
  "message": "Cleared 0 unverified users",
  "data": null,
  "error": null,
  "date": "2024-11-02 14:58:16"
}
{
  "level": "INFO",
  "message": "Agenda initialized",
  "data": null,
  "error": null,
  "date": "2024-11-02 14:59:03"
}
{
  "level": "INFO",
  "message": "Agenda database connected",
  "data": null,
  "error": null,
  "date": "2024-11-02 14:59:03"
}
{
  "level": "INFO",
  "message": "Agenda started successfully",
  "data": null,
  "error": null,
  "date": "2024-11-02 14:59:03"
}
{
  "level": "INFO",
  "message": "Cleared 0 unverified users",
  "data": null,
  "error": null,
  "date": "2024-11-02 15:00:03"
}
{
  "level": "INFO",
  "message": "Agenda initialized",
  "data": null,
  "error": null,
  "date": "2024-11-02 15:29:16"
}
{
  "level": "INFO",
  "message": "Agenda database connected",
  "data": null,
  "error": null,
  "date": "2024-11-02 15:29:16"
}
{
  "level": "INFO",
  "message": "Agenda started successfully",
  "data": null,
  "error": null,
  "date": "2024-11-02 15:29:16"
}
{
  "level": "INFO",
  "message": "Cleared 0 unverified users",
  "data": null,
  "error": null,
  "date": "2024-11-02 15:30:16"
}
{
  "level": "INFO",
  "message": "Agenda initialized",
  "data": null,
  "error": null,
  "date": "2024-11-02 17:20:14"
}
{
  "level": "INFO",
  "message": "Agenda database connected",
  "data": null,
  "error": null,
  "date": "2024-11-02 17:20:14"
}
{
  "level": "INFO",
  "message": "Agenda started successfully",
  "data": null,
  "error": null,
  "date": "2024-11-02 17:20:14"
}
{
  "level": "INFO",
  "message": "Cleared 0 unverified users",
  "data": null,
  "error": null,
  "date": "2024-11-02 17:21:14"
}
{
  "level": "INFO",
  "message": "Job scheduled",
  "data": {
    "type": "emailVerification",
    "email": "yusif071004@gmail.com",
    "token": "eyJhbGciOiJIUzI1NiIsInR5cCI6IkpXVCJ9.eyJ1c2VySUQiOjEsImNyZWF0aW9uVGltZSI6MTczMDU1NTQwNTUzOCwiaWF0IjoxNzMwNTU1NDA1LCJleHAiOjE3MzA1NTcyMDV9.hOwtY5xigUAl6tUqyskMD66ihsO8tEnzDnNyC_mw5UI"
  },
  "error": null,
  "date": "2024-11-02 17:50:05"
}
{
  "level": "INFO",
  "message": "Sending verification email",
  "data": {
    "type": "emailVerification",
    "email": "yusif071004@gmail.com",
    "token": "eyJhbGciOiJIUzI1NiIsInR5cCI6IkpXVCJ9.eyJ1c2VySUQiOjEsImNyZWF0aW9uVGltZSI6MTczMDU1NTQwNTUzOCwiaWF0IjoxNzMwNTU1NDA1LCJleHAiOjE3MzA1NTcyMDV9.hOwtY5xigUAl6tUqyskMD66ihsO8tEnzDnNyC_mw5UI"
  },
  "error": null,
  "date": "2024-11-02 17:50:05"
}
{
  "level": "INFO",
  "message": "Agenda initialized",
  "data": null,
  "error": null,
  "date": "2024-11-02 18:18:30"
}
{
  "level": "INFO",
  "message": "Agenda database connected",
  "data": null,
  "error": null,
  "date": "2024-11-02 18:18:30"
}
{
  "level": "INFO",
  "message": "Agenda started successfully",
  "data": null,
  "error": null,
  "date": "2024-11-02 18:18:30"
}
{
  "level": "INFO",
  "message": "Cleared 0 unverified users",
  "data": null,
  "error": null,
  "date": "2024-11-02 18:19:30"
}
